<?xml version="1.0" encoding="UTF-8"?>
<testng-results skipped="0" failed="0" ignored="0" total="1" passed="1">
  <reporter-output>
  </reporter-output>
  <suite name="Default suite" duration-ms="21507" started-at="2021-07-18T23:13:46 IST" finished-at="2021-07-18T23:14:08 IST">
    <groups>
    </groups>
    <test name="Default test" duration-ms="21507" started-at="2021-07-18T23:13:46 IST" finished-at="2021-07-18T23:14:08 IST">
      <class name="Assignment.TestCase_Trumbull">
        <test-method status="PASS" signature="testCase()[pri:0, instance:Assignment.TestCase_Trumbull@711f39f9]" name="testCase" duration-ms="21387" started-at="2021-07-18T23:13:47 IST" finished-at="2021-07-18T23:14:08 IST">
          <reporter-output>
          </reporter-output>
        </test-method> <!-- testCase -->
      </class> <!-- Assignment.TestCase_Trumbull -->
    </test> <!-- Default test -->
  </suite> <!-- Default suite -->
</testng-results>
